2025/11/01 02:00:44 [1;94m [INFO] [0m  : 🔀 workflow mode: mirrorToDisk 
2025/11/01 02:00:44 [1;94m [INFO] [0m  : 🕵  going to discover the necessary images...
2025/11/01 02:00:44 [1;94m [INFO] [0m  : 🔍 collecting release images...
2025/11/01 02:00:58 [1;94m [INFO] [0m  : 🔍 collecting operator images...
2025/11/01 02:00:58 [1;94m [INFO] [0m  : Collecting catalog registry.redhat.io/redhat/redhat-operator-index:v4.19
2025/11/01 02:02:18 [1;94m [INFO] [0m  : Collected catalog registry.redhat.io/redhat/redhat-operator-index:v4.19
2025/11/01 02:02:18 [1;94m [INFO] [0m  : 🔍 collecting additional images...
2025/11/01 02:02:18 [1;94m [INFO] [0m  : 🔍 collecting helm images...
2025/11/01 02:02:18 [1;94m [INFO] [0m  : 🔂 rebuilding catalogs
2025/11/01 02:02:18 [1;94m [INFO] [0m  : Rebuilding catalog docker://registry.redhat.io/redhat/redhat-operator-index:v4.19
2025/11/01 02:02:18 [1;94m [INFO] [0m  : 🚀 Start copying the images...
2025/11/01 02:02:18 [1;94m [INFO] [0m  : 📌 images to copy 277 
2025/11/01 02:02:21 [1;94m [INFO] [0m  : Success copying quay.io/openshift-release-dev/ocp-v4.0-art-dev@sha256:0498e788d0d2bd5092387202e85cc137aa9ae0d7d2b4219ae0daa162402156f6 ➡️ cache
2025/11/01 02:02:21 [1;94m [INFO] [0m  : Success copying quay.io/openshift-release-dev/ocp-v4.0-art-dev@sha256:cae3bd28c13ad5e97c96f43690c56707ab2be06399034dcfdf0ddc15404671bc ➡️ cache
2025/11/01 02:02:23 [1;94m [INFO] [0m  : Success copying quay.io/openshift-release-dev/ocp-v4.0-art-dev@sha256:4081389eedff45d6aabbcd1ef076fa69b87b2a8ac52e91fa63526f41f17a85a5 ➡️ cache
2025/11/01 02:02:23 [1;94m [INFO] [0m  : Success copying quay.io/openshift-release-dev/ocp-v4.0-art-dev@sha256:0574ddb0e7edb36bfa31cb34ef61e0830b33a9a545d4e5a4a92df75eefb29c1c ➡️ cache
2025/11/01 02:02:24 [1;94m [INFO] [0m  : Success copying quay.io/openshift-release-dev/ocp-v4.0-art-dev@sha256:0a39a8cd16ee826978a543eaa84c10cd1752c64fa8854f52ab94381b8fc7067d ➡️ cache
2025/11/01 02:02:24 [1;94m [INFO] [0m  : Success copying quay.io/openshift-release-dev/ocp-v4.0-art-dev@sha256:0883c22001d5c2e049b9b849abee9dac31f0621f80ea6fde717ddb5e2b6bbc95 ➡️ cache
2025/11/01 02:02:25 [1;94m [INFO] [0m  : Success copying quay.io/openshift-release-dev/ocp-v4.0-art-dev@sha256:0a80490267313a4bba14e2e3a4bc6957f2fc4ef99c8414ba8d39e4acf537205e ➡️ cache
2025/11/01 02:02:25 [1;94m [INFO] [0m  : Success copying quay.io/openshift-release-dev/ocp-v4.0-art-dev@sha256:0ad4b9d065b2f7940b254f00d300b585dfe93b106af4890b6081835086e79ef7 ➡️ cache
2025/11/01 02:02:26 [1;94m [INFO] [0m  : Success copying quay.io/openshift-release-dev/ocp-v4.0-art-dev@sha256:0b2a58cd79afafd0439b684b3797bb4e7e2eb47ecf616486e9a8f11130d2afd1 ➡️ cache
2025/11/01 02:02:26 [1;94m [INFO] [0m  : Success copying quay.io/openshift-release-dev/ocp-v4.0-art-dev@sha256:0bab7d2f68a8c2d63d91f7766c636479294016293c9133f459ab183af15307f9 ➡️ cache
2025/11/01 02:02:28 [1;94m [INFO] [0m  : Success copying quay.io/openshift-release-dev/ocp-v4.0-art-dev@sha256:0c0df23a7f89f6849ab71ab4076bc529cb76a6cb096b8701d36f8c753127e422 ➡️ cache
2025/11/01 02:02:28 [1;94m [INFO] [0m  : Success copying quay.io/openshift-release-dev/ocp-v4.0-art-dev@sha256:0ebb282f1f48bd39e6948c8eb25e2060414c62a666371d27faf6e68652b039b0 ➡️ cache
2025/11/01 02:02:29 [1;94m [INFO] [0m  : Success copying quay.io/openshift-release-dev/ocp-v4.0-art-dev@sha256:104aa15e6d3680dd26b76a5efe2bf9c94cae1e8842cb0d1704bdbef3a38738ee ➡️ cache
2025/11/01 02:02:29 [1;94m [INFO] [0m  : Success copying quay.io/openshift-release-dev/ocp-v4.0-art-dev@sha256:0f5b5b3171bd6416f15eefaad25360d766211c9438a3a2af9f6750d4fe7fa939 ➡️ cache
2025/11/01 02:02:30 [1;94m [INFO] [0m  : Success copying quay.io/openshift-release-dev/ocp-v4.0-art-dev@sha256:13996f6627a2b8a4bb73a5a578c64c13195310c8a1012da1dc449817759a8e4e ➡️ cache
2025/11/01 02:02:31 [1;94m [INFO] [0m  : Success copying quay.io/openshift-release-dev/ocp-v4.0-art-dev@sha256:13b1668ba5eabf67f8f0078ef2242ac4c922ced5e2f88a81628e1c71e8ea1027 ➡️ cache
2025/11/01 02:02:31 [1;94m [INFO] [0m  : Success copying quay.io/openshift-release-dev/ocp-v4.0-art-dev@sha256:18cc689abc0e415466b020f50f52583234513ff15c7ce55f3b84cf447c245cbb ➡️ cache
2025/11/01 02:02:32 [1;94m [INFO] [0m  : Success copying quay.io/openshift-release-dev/ocp-v4.0-art-dev@sha256:19fdee5b003454522323134d2c11a3f0ea000532895f0854d8949e59d2b53406 ➡️ cache
2025/11/01 02:02:33 [1;94m [INFO] [0m  : Success copying quay.io/openshift-release-dev/ocp-v4.0-art-dev@sha256:1a3d2c2043711e682a0c93e7693417fd693be7e1418ed066ad8f3d2d04701ed6 ➡️ cache
2025/11/01 02:02:34 [1;94m [INFO] [0m  : Success copying quay.io/openshift-release-dev/ocp-v4.0-art-dev@sha256:1b3477207f5ea75fe51964dd9a6f9321f607a5e544de66fc2f70b71d151c137c ➡️ cache
2025/11/01 02:02:34 [1;94m [INFO] [0m  : Success copying quay.io/openshift-release-dev/ocp-v4.0-art-dev@sha256:1bd538e8db54bd88af17d4d9590660e66bfc30eeab9c0f93aeee1e6eb41ae5ac ➡️ cache
2025/11/01 02:02:34 [1;94m [INFO] [0m  : Success copying quay.io/openshift-release-dev/ocp-v4.0-art-dev@sha256:1bd597f42300277ead312b1ad684b384d8f04f3c94064336a65419f5cfb32a7a ➡️ cache
2025/11/01 02:02:36 [1;94m [INFO] [0m  : Success copying quay.io/openshift-release-dev/ocp-v4.0-art-dev@sha256:1edae6797739345fdcfa0dcd075f8ed3727313f17537f05f9a6c7fc2ba45843b ➡️ cache
2025/11/01 02:02:37 [1;94m [INFO] [0m  : Success copying quay.io/openshift-release-dev/ocp-v4.0-art-dev@sha256:21eec4c90e0c16e6c88254ec71e2739a3021edfd61470f995cbb2c464b5472da ➡️ cache
2025/11/01 02:02:37 [1;94m [INFO] [0m  : Success copying quay.io/openshift-release-dev/ocp-v4.0-art-dev@sha256:1f80285bb7e2a584f72c0215b0e310dc71b2792ebe2551acb71cc7b87cf5492f ➡️ cache
2025/11/01 02:02:37 [1;94m [INFO] [0m  : Success copying quay.io/openshift-release-dev/ocp-v4.0-art-dev@sha256:22027ba8b3b4885c7ea1fa0dbdccd010a82e40e03c9256fff58197e8bbeda8fd ➡️ cache
2025/11/01 02:02:39 [1;94m [INFO] [0m  : Success copying quay.io/openshift-release-dev/ocp-v4.0-art-dev@sha256:258b2a7d8d33b86dbe576006486fedbef41db394aa1d2ef984632d42451b8328 ➡️ cache
2025/11/01 02:02:39 [1;94m [INFO] [0m  : Success copying quay.io/openshift-release-dev/ocp-v4.0-art-dev@sha256:278d4f6aec49b9f100d89732859f2cf8f0c05b624a1c9d24855eaafed9f21ba6 ➡️ cache
2025/11/01 02:02:39 [1;94m [INFO] [0m  : Success copying quay.io/openshift-release-dev/ocp-v4.0-art-dev@sha256:266407628c395236679126bbb595a4d3abaa762991d7e1656197ec4b00508cad ➡️ cache
2025/11/01 02:02:39 [1;94m [INFO] [0m  : Success copying quay.io/openshift-release-dev/ocp-v4.0-art-dev@sha256:2869928229bf209cd6068d1dadd4e40a8eae1decd672ffcbc77b7344882570ae ➡️ cache
2025/11/01 02:02:41 [1;94m [INFO] [0m  : Success copying quay.io/openshift-release-dev/ocp-v4.0-art-dev@sha256:2b441e4c618ea1c3480b7c5c35375e4dd8ad06bfda405736e4176f027ff22671 ➡️ cache
2025/11/01 02:02:42 [1;94m [INFO] [0m  : Success copying quay.io/openshift-release-dev/ocp-v4.0-art-dev@sha256:2cc438b43f19d9a9a380a2d96f2e2187d0154d6a6951b9d8b541116d56c5d8df ➡️ cache
2025/11/01 02:02:42 [1;94m [INFO] [0m  : Success copying quay.io/openshift-release-dev/ocp-v4.0-art-dev@sha256:2f726ee11de3c9244879768585752302ff79124b89bb2f6f3ccb15acbb2bf22b ➡️ cache
2025/11/01 02:02:42 [1;94m [INFO] [0m  : Success copying quay.io/openshift-release-dev/ocp-v4.0-art-dev@sha256:2dc12158e3673b391cae8fd23443418c748d461c1a34b7dadecc3ab9366136cc ➡️ cache
2025/11/01 02:02:44 [1;94m [INFO] [0m  : Success copying quay.io/openshift-release-dev/ocp-v4.0-art-dev@sha256:3172f3593eb108ab5182be3c87a7142a4202a8349a4091d11ecddfc07e20ca75 ➡️ cache
2025/11/01 02:02:45 [1;94m [INFO] [0m  : Success copying quay.io/openshift-release-dev/ocp-v4.0-art-dev@sha256:32b038bd757349ca2be16a6d9937bd7adc25a89820a2f59fca96ba3523462928 ➡️ cache
2025/11/01 02:02:45 [1;94m [INFO] [0m  : Success copying quay.io/openshift-release-dev/ocp-v4.0-art-dev@sha256:339fd5eb99d5caece67cf8be6f653f37be1b46869d10542718e1d9f6ade2b961 ➡️ cache
2025/11/01 02:02:45 [1;94m [INFO] [0m  : Success copying quay.io/openshift-release-dev/ocp-v4.0-art-dev@sha256:33e498ae51d605aac98694580f6a67ea5e4244e5ab4e378c940b7ef891723ca9 ➡️ cache
2025/11/01 02:02:47 [1;94m [INFO] [0m  : Success copying quay.io/openshift-release-dev/ocp-v4.0-art-dev@sha256:3477c68409d2a04e57b723843ed919f406a3b27e32f9fc36908145c6013b9305 ➡️ cache
2025/11/01 02:02:47 [1;94m [INFO] [0m  : Success copying quay.io/openshift-release-dev/ocp-v4.0-art-dev@sha256:36c74854e48d5dae12740f385b9e73e9752197da9b2647131dac9835b54e0a45 ➡️ cache
2025/11/01 02:02:47 [1;94m [INFO] [0m  : Success copying quay.io/openshift-release-dev/ocp-v4.0-art-dev@sha256:36684e0d4ddb3329e8c9c1278d3197597950e3c9be92a3de62a3dedc95844e8c ➡️ cache
2025/11/01 02:02:47 [1;94m [INFO] [0m  : Success copying quay.io/openshift-release-dev/ocp-v4.0-art-dev@sha256:37363d745c68ae48e4507e15ca776c37a9cb4a28fd48546a94d47cd5976da012 ➡️ cache
2025/11/01 02:02:49 [1;94m [INFO] [0m  : Success copying quay.io/openshift-release-dev/ocp-v4.0-art-dev@sha256:38e0ff38402341e9cea98127ff4afcbefc12644d466d6ad1bb5dff35f095ead3 ➡️ cache
2025/11/01 02:02:50 [1;94m [INFO] [0m  : Success copying quay.io/openshift-release-dev/ocp-v4.0-art-dev@sha256:3991ef10e19347ae82b59f0b5ddc22153f386e18061c4ac256e8fb041c150773 ➡️ cache
2025/11/01 02:02:50 [1;94m [INFO] [0m  : Success copying quay.io/openshift-release-dev/ocp-v4.0-art-dev@sha256:3b4a3aece7c961a0f3834d1052952b411e6b3f2ce2d716fd818734dde0ca2caa ➡️ cache
2025/11/01 02:02:50 [1;94m [INFO] [0m  : Success copying quay.io/openshift-release-dev/ocp-v4.0-art-dev@sha256:3a74220548218353fc056910b7ffbf874c5c535c4ddf5de776bac9df0b1fa9d2 ➡️ cache
2025/11/01 02:02:52 [1;94m [INFO] [0m  : Success copying quay.io/openshift-release-dev/ocp-v4.0-art-dev@sha256:3baa4c6d924ff9712003f3a1fe172f6ff1ceaf0d59debeb2d9aa9361d608e70f ➡️ cache
2025/11/01 02:02:52 [1;94m [INFO] [0m  : Success copying quay.io/openshift-release-dev/ocp-v4.0-art-dev@sha256:3d1564593de36051ff1cc691dca4494ac95c5e74744a5131031acf331e3bc7da ➡️ cache
2025/11/01 02:02:53 [1;94m [INFO] [0m  : Success copying quay.io/openshift-release-dev/ocp-v4.0-art-dev@sha256:3d2ea1ecb67124519250cbdb979d4473d4e141e1c2cb5156b8fa68248b4edae5 ➡️ cache
2025/11/01 02:02:53 [1;94m [INFO] [0m  : Success copying quay.io/openshift-release-dev/ocp-v4.0-art-dev@sha256:3da53f5988331427cf9f3150a011be4afce9f7771968055e724a8249fb79885e ➡️ cache
2025/11/01 02:02:55 [1;94m [INFO] [0m  : Success copying quay.io/openshift-release-dev/ocp-v4.0-art-dev@sha256:3f0a4d9fd40d806b622e47c52fddb48a54ac6f2d67c4f707144366aaaa5c852e ➡️ cache
2025/11/01 02:02:55 [1;94m [INFO] [0m  : Success copying quay.io/openshift-release-dev/ocp-v4.0-art-dev@sha256:cb88a5da12b8df015de7d9e9fb7a7ce765e6c6788021691797540b6f4a5c1cbe ➡️ cache
2025/11/01 02:02:55 [1;94m [INFO] [0m  : Success copying quay.io/openshift-release-dev/ocp-v4.0-art-dev@sha256:40abccad089399345dfc5278697c999529450ae7a178d89e1e69f1fa63b22b4c ➡️ cache
2025/11/01 02:02:55 [1;94m [INFO] [0m  : Success copying quay.io/openshift-release-dev/ocp-v4.0-art-dev@sha256:432b7b5889c86b76c7c63342766937edf62a29ba91c7f178fc1275af02bd2872 ➡️ cache
2025/11/01 02:02:57 [1;94m [INFO] [0m  : Success copying quay.io/openshift-release-dev/ocp-v4.0-art-dev@sha256:4478fe926f0926fca063b2465325daee70b82b7612dd42901c4875a6144a2e0c ➡️ cache
2025/11/01 02:02:58 [1;94m [INFO] [0m  : Success copying quay.io/openshift-release-dev/ocp-v4.0-art-dev@sha256:4491cb2066622192a8e6757f0f024bc7b3743c8834543ff0faa8aaea06705cb3 ➡️ cache
2025/11/01 02:02:58 [1;94m [INFO] [0m  : Success copying quay.io/openshift-release-dev/ocp-v4.0-art-dev@sha256:449b9d188d4420b412e0d88379a4b753bd8b161bba8b90a4f84a11f7544ceae1 ➡️ cache
2025/11/01 02:02:58 [1;94m [INFO] [0m  : Success copying quay.io/openshift-release-dev/ocp-v4.0-art-dev@sha256:4693b153575f0d9df56889d137536c3708a65fb361450fae06c296ccb2ef12f9 ➡️ cache
2025/11/01 02:03:00 [1;94m [INFO] [0m  : Success copying quay.io/openshift-release-dev/ocp-v4.0-art-dev@sha256:48b50c1fd66d09aa1f668eaea715308e1d920db999d8577380faa5c2c6da6b23 ➡️ cache
2025/11/01 02:03:00 [1;94m [INFO] [0m  : Success copying quay.io/openshift-release-dev/ocp-v4.0-art-dev@sha256:48eb2967f268b947af0cbba546c6d7c43597774cf97f8c49853670fafa08786b ➡️ cache
2025/11/01 02:03:01 [1;94m [INFO] [0m  : Success copying quay.io/openshift-release-dev/ocp-v4.0-art-dev@sha256:4b83f3c7db44dc256d20a6e0e5c06fc85e0eae9cfcbd43732345cbbc7aa92296 ➡️ cache
2025/11/01 02:03:01 [1;94m [INFO] [0m  : Success copying quay.io/openshift-release-dev/ocp-v4.0-art-dev@sha256:4bbc38081acd6e98a59f4fd5a5daeafe05d9d7a980079fe1dd4c4b5f8720f6d0 ➡️ cache
2025/11/01 02:03:02 [1;94m [INFO] [0m  : Success copying quay.io/openshift-release-dev/ocp-v4.0-art-dev@sha256:4de3d23f5f5e0f27de409bbe660cb267f3c1660f9b3a09d5b47c717468d46e91 ➡️ cache
2025/11/01 02:03:03 [1;94m [INFO] [0m  : Success copying quay.io/openshift-release-dev/ocp-v4.0-art-dev@sha256:4fe86daae1b15143dddd1e9ea7f2a06dd9db8286f33249edbccbaea6feaf4fb5 ➡️ cache
2025/11/01 02:03:03 [1;94m [INFO] [0m  : Success copying quay.io/openshift-release-dev/ocp-v4.0-art-dev@sha256:588968892788e2757821bd7785d2876646df7770cd593612e9fdc7aa6209b014 ➡️ cache
2025/11/01 02:03:04 [1;94m [INFO] [0m  : Success copying quay.io/openshift-release-dev/ocp-v4.0-art-dev@sha256:541dc0831a0e17f4f9bc830680187d15628c5651e67c4df06871deae1d0851d7 ➡️ cache
2025/11/01 02:03:05 [1;94m [INFO] [0m  : Success copying quay.io/openshift-release-dev/ocp-v4.0-art-dev@sha256:5ad466caecf8e89e869d03f15fdb8436326a76273d97282fa044f15f5329e38f ➡️ cache
2025/11/01 02:03:06 [1;94m [INFO] [0m  : Success copying quay.io/openshift-release-dev/ocp-v4.0-art-dev@sha256:5b04a71be414fcd17e7faa573b00874332ce6d27422185052050ec3c0409b9d3 ➡️ cache
2025/11/01 02:03:06 [1;94m [INFO] [0m  : Success copying quay.io/openshift-release-dev/ocp-v4.0-art-dev@sha256:5aeac09d8ea0252eaf072bd43300cef020b9ce9f756fefd9378cfdb6dc50003d ➡️ cache
2025/11/01 02:03:06 [1;94m [INFO] [0m  : Success copying quay.io/openshift-release-dev/ocp-v4.0-art-dev@sha256:5b8855cc2433d1bce3167f254a7ec847ed9abd8792ee8e076270f99318798674 ➡️ cache
2025/11/01 02:03:08 [1;94m [INFO] [0m  : Success copying quay.io/openshift-release-dev/ocp-v4.0-art-dev@sha256:5cdc100d484a883d5e3a561cbb60c68b288e0b2864bdee704913a7774fe6b24b ➡️ cache
2025/11/01 02:03:08 [1;94m [INFO] [0m  : Success copying quay.io/openshift-release-dev/ocp-v4.0-art-dev@sha256:6277c9921ffea49944256678b17d25b923167265f3bc12a7ec82dc4cb088c4d7 ➡️ cache
2025/11/01 02:03:09 [1;94m [INFO] [0m  : Success copying quay.io/openshift-release-dev/ocp-v4.0-art-dev@sha256:62c2b751102e7e75120bbfe0832add888eec2b741b1cfbcdcbb575e574bdc337 ➡️ cache
2025/11/01 02:03:09 [1;94m [INFO] [0m  : Success copying quay.io/openshift-release-dev/ocp-v4.0-art-dev@sha256:6407239285c1cb8a0957948680a314e88edc49c0bc750d15e61cfe930aafdc02 ➡️ cache
2025/11/01 02:03:10 [1;94m [INFO] [0m  : Success copying quay.io/openshift-release-dev/ocp-v4.0-art-dev@sha256:6808ad999c815009bfaf992c9971fb243433cb262c7feb5ee8b8441464373598 ➡️ cache
2025/11/01 02:03:11 [1;94m [INFO] [0m  : Success copying quay.io/openshift-release-dev/ocp-v4.0-art-dev@sha256:681f5b8bab3813fbd4da52969828399da508643a730b758c40b5eeb3574cc2a0 ➡️ cache
2025/11/01 02:03:11 [1;94m [INFO] [0m  : Success copying quay.io/openshift-release-dev/ocp-v4.0-art-dev@sha256:6884b9e5fb525be58e78399eb23ab59ed40cdddb8ca2c33b25079481a0f85e0b ➡️ cache
2025/11/01 02:03:12 [1;94m [INFO] [0m  : Success copying quay.io/openshift-release-dev/ocp-v4.0-art-dev@sha256:68a7fe6b02a1cd5e9ff388392db3d2ec9012a65b59cde5064e26171f0ce53034 ➡️ cache
2025/11/01 02:03:13 [1;94m [INFO] [0m  : Success copying quay.io/openshift-release-dev/ocp-v4.0-art-dev@sha256:68bfd859883e0b6592084d1f166358544a36dc8c0812d5744efc1b1ea27bec06 ➡️ cache
2025/11/01 02:03:14 [1;94m [INFO] [0m  : Success copying quay.io/openshift-release-dev/ocp-v4.0-art-dev@sha256:68cef5f55523626f8a6f1d65e1f03f004bd8ae7823ea68f9ff6df9f38846d9cb ➡️ cache
2025/11/01 02:03:14 [1;94m [INFO] [0m  : Success copying quay.io/openshift-release-dev/ocp-v4.0-art-dev@sha256:68d522fad2b25478219e6c9d900b61a97d2cf13b74a1d2c6a3f1b304d8b02114 ➡️ cache
2025/11/01 02:03:15 [1;94m [INFO] [0m  : Success copying quay.io/openshift-release-dev/ocp-v4.0-art-dev@sha256:692a7a391d1e0f2c30d28b675ff82f0521e5683a65309f233484e0830d64d475 ➡️ cache
2025/11/01 02:03:16 [1;94m [INFO] [0m  : Success copying quay.io/openshift-release-dev/ocp-v4.0-art-dev@sha256:6ac041c16af84dc455eef8e673201fd24a6e547c3656a800b25d6177b5024738 ➡️ cache
2025/11/01 02:03:17 [1;94m [INFO] [0m  : Success copying quay.io/openshift-release-dev/ocp-v4.0-art-dev@sha256:6c990307f160973a5682524d3323e92cca9d161e69710d3020cd2236f2ed6095 ➡️ cache
2025/11/01 02:03:17 [1;94m [INFO] [0m  : Success copying quay.io/openshift-release-dev/ocp-v4.0-art-dev@sha256:6c344e937264593350cbbd9d7f406b1434a456e13480f9011dfa48831fff0567 ➡️ cache
2025/11/01 02:03:17 [1;94m [INFO] [0m  : Success copying quay.io/openshift-release-dev/ocp-v4.0-art-dev@sha256:6d30f036822e14c4396ba22dc0115783637edb0967af3928e52d70328039f9af ➡️ cache
2025/11/01 02:03:19 [1;94m [INFO] [0m  : Success copying quay.io/openshift-release-dev/ocp-v4.0-art-dev@sha256:6d52a64bbcf585cef046cfd0ceed4086320dc0976122e2e301a8b1c2e8fb72b6 ➡️ cache
2025/11/01 02:03:19 [1;94m [INFO] [0m  : Success copying quay.io/openshift-release-dev/ocp-v4.0-art-dev@sha256:6e2737a24f63f487bafef8b2e25d86ef47ad8d629ba219e266acd0eefe2d6743 ➡️ cache
2025/11/01 02:03:20 [1;94m [INFO] [0m  : Success copying quay.io/openshift-release-dev/ocp-v4.0-art-dev@sha256:7064b9a3c64a285ca03db6aab5d4a57e54bed7bdfccccae197af68f7d2a4a85a ➡️ cache
2025/11/01 02:03:20 [1;94m [INFO] [0m  : Success copying quay.io/openshift-release-dev/ocp-v4.0-art-dev@sha256:70ac8f40b5eca0ca6ece62c2d9578db51604a23c4247f0a8f85198864ede4c1d ➡️ cache
2025/11/01 02:03:21 [1;94m [INFO] [0m  : Success copying quay.io/openshift-release-dev/ocp-v4.0-art-dev@sha256:73e351a2ccf288a693e5b31898691df5fa1bafd9247e520ee384f59d62efc8ed ➡️ cache
2025/11/01 02:03:22 [1;94m [INFO] [0m  : Success copying quay.io/openshift-release-dev/ocp-v4.0-art-dev@sha256:74a04367977845d76200cc69d098537591574f20393c30a9a1c1fe18e2b57627 ➡️ cache
2025/11/01 02:03:23 [1;94m [INFO] [0m  : Success copying quay.io/openshift-release-dev/ocp-v4.0-art-dev@sha256:75c334c3fd74cd1254a3b344856043563c4ea7fd03475eca154ebf05c09917ff ➡️ cache
2025/11/01 02:03:23 [1;94m [INFO] [0m  : Success copying quay.io/openshift-release-dev/ocp-v4.0-art-dev@sha256:75974781edf7a7f60c3c1e6259ecbeb891dc7a2a95b5e73f5bd4802c9875af0f ➡️ cache
2025/11/01 02:03:24 [1;94m [INFO] [0m  : Success copying quay.io/openshift-release-dev/ocp-v4.0-art-dev@sha256:76f23ea8d797a17532fa43eb08331e1970eb7617afeff1c190c9965fd928668b ➡️ cache
2025/11/01 02:03:25 [1;94m [INFO] [0m  : Success copying quay.io/openshift-release-dev/ocp-v4.0-art-dev@sha256:7a1deb61b19b8974e7bf1325503293305b6451d81870eee86b37917aaa9ed68b ➡️ cache
2025/11/01 02:03:25 [1;94m [INFO] [0m  : Success copying quay.io/openshift-release-dev/ocp-v4.0-art-dev@sha256:7aec452c4c8db14359d1fb494048708e413f750191f0d199f6cffa82fb34cf5b ➡️ cache
2025/11/01 02:03:25 [1;94m [INFO] [0m  : Success copying quay.io/openshift-release-dev/ocp-v4.0-art-dev@sha256:7a5db19543a2136da2f06c4f275f87246c0bf333411b32e9f2093b689fd7984f ➡️ cache
2025/11/01 02:03:26 [1;94m [INFO] [0m  : Success copying quay.io/openshift-release-dev/ocp-v4.0-art-dev@sha256:7d5995dc375083cf1aa6f801b9a0e09ebf549295961eca81198f255dd4eba5dd ➡️ cache
2025/11/01 02:03:27 [1;94m [INFO] [0m  : Success copying quay.io/openshift-release-dev/ocp-v4.0-art-dev@sha256:7d67f095918ec988a42066c2ff5ac2020a753e06ee401e0c0e690e57e8a41616 ➡️ cache
2025/11/01 02:03:28 [1;94m [INFO] [0m  : Success copying quay.io/openshift-release-dev/ocp-v4.0-art-dev@sha256:80999d078de0e9460191661b41bfd292e06e68f547554bb12bb745a50daff008 ➡️ cache
2025/11/01 02:03:28 [1;94m [INFO] [0m  : Success copying quay.io/openshift-release-dev/ocp-v4.0-art-dev@sha256:7eeec0b5452daccc15d3fa8cc681697449701ceaaab045cf9dc4db9315767e96 ➡️ cache
2025/11/01 02:03:29 [1;94m [INFO] [0m  : Success copying quay.io/openshift-release-dev/ocp-v4.0-art-dev@sha256:80d773e767c72f184ec6c732c7f90cbe43b42a81675f81efd8e7b713dceed1bc ➡️ cache
2025/11/01 02:03:30 [1;94m [INFO] [0m  : Success copying quay.io/openshift-release-dev/ocp-v4.0-art-dev@sha256:897334bdc03e5618f68f2a8b0810e42ec84d78c177df12dd3b8c7cf26afd011d ➡️ cache
2025/11/01 02:03:31 [1;94m [INFO] [0m  : Success copying quay.io/openshift-release-dev/ocp-v4.0-art-dev@sha256:89eab88cf7f24ead414404be5b1fa83c65d5800c71faba10cdaf0d39aead2fdd ➡️ cache
2025/11/01 02:03:31 [1;94m [INFO] [0m  : Success copying quay.io/openshift-release-dev/ocp-v4.0-art-dev@sha256:8a13f21fb5b3930bb892f891a4ffb40bc0edfb6ac1358a7778443403a176c742 ➡️ cache
2025/11/01 02:03:32 [1;94m [INFO] [0m  : Success copying quay.io/openshift-release-dev/ocp-v4.0-art-dev@sha256:8a2c2fb81012a54f20f8fdbdc46fbce61c68820fb65f84613eef630d12eede6d ➡️ cache
2025/11/01 02:03:32 [1;94m [INFO] [0m  : Success copying quay.io/openshift-release-dev/ocp-v4.0-art-dev@sha256:904c37d9dc3a38338d6533aa1e0003e4970f7341aff8d64e67c931e6f6fbb775 ➡️ cache
2025/11/01 02:03:33 [1;94m [INFO] [0m  : Success copying quay.io/openshift-release-dev/ocp-v4.0-art-dev@sha256:9168898f14ff24aee16c739b72700b1a0e77d6ea65240a5e6e9486551f78ac3b ➡️ cache
2025/11/01 02:03:34 [1;94m [INFO] [0m  : Success copying quay.io/openshift-release-dev/ocp-v4.0-art-dev@sha256:92b4e9cc5ae7bdf611e2d2ac00b2b9d43f0190f28e5087c9f93b9232d15b3d32 ➡️ cache
2025/11/01 02:03:34 [1;94m [INFO] [0m  : Success copying quay.io/openshift-release-dev/ocp-v4.0-art-dev@sha256:9371130dda3abe063045569c4e5b5579f2a09c71b444fa899692a3844bb709c7 ➡️ cache
2025/11/01 02:03:35 [1;94m [INFO] [0m  : Success copying quay.io/openshift-release-dev/ocp-v4.0-art-dev@sha256:93919d178dff2471c4ed30dfd3c341090cbbe0a70d270f96e07a9be235f4b92f ➡️ cache
2025/11/01 02:03:36 [1;94m [INFO] [0m  : Success copying quay.io/openshift-release-dev/ocp-v4.0-art-dev@sha256:94d26bc96c5a7b97eaf247d602c5584e0d785ac6bb96a637885541b28fa578fd ➡️ cache
2025/11/01 02:03:36 [1;94m [INFO] [0m  : Success copying quay.io/openshift-release-dev/ocp-v4.0-art-dev@sha256:96b11c121f9d2cd17ce19cf0ec1aeace7702ab3191906788a5e2fbdb344b3448 ➡️ cache
2025/11/01 02:03:37 [1;94m [INFO] [0m  : Success copying quay.io/openshift-release-dev/ocp-v4.0-art-dev@sha256:9a4d283b69b3e68bf2b369e92a42225a6de4989a8f08379a6a38554a9722f3d6 ➡️ cache
2025/11/01 02:03:38 [1;94m [INFO] [0m  : Success copying quay.io/openshift-release-dev/ocp-v4.0-art-dev@sha256:9c7a1982e2bbdf37d29e0802b4586c6a45fe3fb31d196ab9f0e4353af1aedd2e ➡️ cache
2025/11/01 02:03:39 [1;94m [INFO] [0m  : Success copying quay.io/openshift-release-dev/ocp-v4.0-art-dev@sha256:9d180f4c16e3646d5a5e9506406f9bef4d21c2aeabb53342eff802360b76f3b1 ➡️ cache
2025/11/01 02:03:39 [1;94m [INFO] [0m  : Success copying quay.io/openshift-release-dev/ocp-v4.0-art-dev@sha256:9eb2f2d36b3135eadd10f9bca67fd54b3e00c885c3607d3bcb6930d22c8719b7 ➡️ cache
2025/11/01 02:03:40 [1;94m [INFO] [0m  : Success copying quay.io/openshift-release-dev/ocp-v4.0-art-dev@sha256:a05ba4e78db39a6c58b64813fa677f8bfba53bf65e25d0b521093433fa78e9cc ➡️ cache
2025/11/01 02:03:40 [1;94m [INFO] [0m  : Success copying quay.io/openshift-release-dev/ocp-v4.0-art-dev@sha256:aefa06d3410b839b1a0fdf4a30934a97cf4de78bfe9341375e0b96a9633954bc ➡️ cache
2025/11/01 02:03:41 [1;94m [INFO] [0m  : Success copying quay.io/openshift-release-dev/ocp-v4.0-art-dev@sha256:b099809ee7a868213c2d725cbd4f767cdb2e06b084cca8fce76176b5336c2faa ➡️ cache
2025/11/01 02:03:42 [1;94m [INFO] [0m  : Success copying quay.io/openshift-release-dev/ocp-v4.0-art-dev@sha256:b1a97d957e716bd51042532e0a4d20a4478bb12a7041887688007c1bce46292b ➡️ cache
2025/11/01 02:03:42 [1;94m [INFO] [0m  : Success copying quay.io/openshift-release-dev/ocp-v4.0-art-dev@sha256:b24d8dec27041a5efacbf5dc7f042eedbd02f9b7866ee71b1f227428c3bd4f91 ➡️ cache
2025/11/01 02:03:43 [1;94m [INFO] [0m  : Success copying quay.io/openshift-release-dev/ocp-v4.0-art-dev@sha256:b2a57d8b48c21d332d38b6101a48b90c6f48f8b9e870a1f54f2199c51667005c ➡️ cache
2025/11/01 02:03:44 [1;94m [INFO] [0m  : Success copying quay.io/openshift-release-dev/ocp-v4.0-art-dev@sha256:b2a76009bf16bb92d42254cbaf6c559751df06b6a44511cffd89758fcf5dc8f2 ➡️ cache
2025/11/01 02:03:45 [1;94m [INFO] [0m  : Success copying quay.io/openshift-release-dev/ocp-v4.0-art-dev@sha256:b48e5eaa2610497216947d0a25ee5c8fd72b9819376e9716c4d82dcb0277611b ➡️ cache
2025/11/01 02:03:45 [1;94m [INFO] [0m  : Success copying quay.io/openshift-release-dev/ocp-v4.0-art-dev@sha256:b6b27d8f5646d88fa4225ed918a43102a4275bc11871c6f96413ddf55ee4c3b9 ➡️ cache
2025/11/01 02:03:46 [1;94m [INFO] [0m  : Success copying quay.io/openshift-release-dev/ocp-v4.0-art-dev@sha256:b7015ce796b7209e02c77ad944fd37c504f55d478d8318664ad33aaa42cfa6fe ➡️ cache
2025/11/01 02:03:47 [1;94m [INFO] [0m  : Success copying quay.io/openshift-release-dev/ocp-v4.0-art-dev@sha256:b7348c9a9f0135842285870ad63ffcaa916c95dc4da498dcf45587f1b56ebd21 ➡️ cache
2025/11/01 02:03:48 [1;94m [INFO] [0m  : Success copying quay.io/openshift-release-dev/ocp-v4.0-art-dev@sha256:b86b41a79748079a1262c0ee256e0c33d9eb9f237b8fa38f56ae79c580ccafb6 ➡️ cache
2025/11/01 02:03:48 [1;94m [INFO] [0m  : Success copying quay.io/openshift-release-dev/ocp-v4.0-art-dev@sha256:ba12508d03d8ecf0d09cd252916d0ff4c7c3a1af394a73df7d52fa3d8fc88b69 ➡️ cache
2025/11/01 02:03:49 [1;94m [INFO] [0m  : Success copying quay.io/openshift-release-dev/ocp-v4.0-art-dev@sha256:bbb2f9f06fd1b9f7ff5f7c07295eb51fd98a23f9ac76cf954090dd829e3e5398 ➡️ cache
2025/11/01 02:03:49 [1;94m [INFO] [0m  : Success copying quay.io/openshift-release-dev/ocp-v4.0-art-dev@sha256:c0410fc24f6f0ed4dc3f0909517b2ed49a5545e9f206263fb7eef57b1bd4d4ad ➡️ cache
2025/11/01 02:03:50 [1;94m [INFO] [0m  : Success copying quay.io/openshift-release-dev/ocp-v4.0-art-dev@sha256:c38c2b97f723e446802427c61d426f10ad91d51c65ff3dbca3a7b92706835f15 ➡️ cache
2025/11/01 02:03:50 [1;94m [INFO] [0m  : Success copying quay.io/openshift-release-dev/ocp-v4.0-art-dev@sha256:c32102545460244147ec38d22be56f3fcf0b9c6156f3f3179a26c67c30233ab5 ➡️ cache
2025/11/01 02:03:52 [1;94m [INFO] [0m  : Success copying quay.io/openshift-release-dev/ocp-v4.0-art-dev@sha256:c65e9ed86a0e61b16e65547904fa2a56afc15c760ecb977b8f8724c5e5ad428d ➡️ cache
2025/11/01 02:03:52 [1;94m [INFO] [0m  : Success copying quay.io/openshift-release-dev/ocp-v4.0-art-dev@sha256:c9b6de2a9982989168167159e974bc944cc6060a95e33cadd2ec55564d47ecbd ➡️ cache
2025/11/01 02:03:53 [1;94m [INFO] [0m  : Success copying quay.io/openshift-release-dev/ocp-v4.0-art-dev@sha256:ca45a3e9c65ed401386b8fc863f7f229cca9d5cad6ee40e6bed47fbc71b26564 ➡️ cache
2025/11/01 02:03:53 [1;94m [INFO] [0m  : Success copying quay.io/openshift-release-dev/ocp-v4.0-art-dev@sha256:d1afd31c3cefed96168144a35cf66e139c5a78bf9a5f18fbcb83428a2e3abd9c ➡️ cache
2025/11/01 02:03:55 [1;94m [INFO] [0m  : Success copying quay.io/openshift-release-dev/ocp-v4.0-art-dev@sha256:044e31df1f5dad4f501d80138ccb81dbc34cec6a52950e11ffc87ab573605653 ➡️ cache
2025/11/01 02:03:55 [1;94m [INFO] [0m  : Success copying quay.io/openshift-release-dev/ocp-v4.0-art-dev@sha256:cc37333fe3bc22e19a535bb16afaebc3973ed5b9e77a5769cefc2b00edd7d08a ➡️ cache
2025/11/01 02:03:56 [1;94m [INFO] [0m  : Success copying quay.io/openshift-release-dev/ocp-v4.0-art-dev@sha256:cd8715455e3a645f4e73edd00ab8681da3801493d7391db35889e53a0c604ec4 ➡️ cache
2025/11/01 02:03:56 [1;94m [INFO] [0m  : Success copying quay.io/openshift-release-dev/ocp-v4.0-art-dev@sha256:ce69efb90d918f8bf8550f20c2544bdfa1954596c16e8c896e976b6fcbfd48e6 ➡️ cache
2025/11/01 02:03:57 [1;94m [INFO] [0m  : Success copying quay.io/openshift-release-dev/ocp-v4.0-art-dev@sha256:ceb08eadb090de0219eb57ebcf56ec86baa048ea5d85adeb67e0a85c36864e9c ➡️ cache
2025/11/01 02:03:57 [1;94m [INFO] [0m  : Success copying quay.io/openshift-release-dev/ocp-v4.0-art-dev@sha256:ceb518b4de81a568583fc3f908309f9a5f7c824423fdaa366422328b643bfd1e ➡️ cache
2025/11/01 02:03:58 [1;94m [INFO] [0m  : Success copying quay.io/openshift-release-dev/ocp-v4.0-art-dev@sha256:d0a84ba936999b137e5092b42993f138d6036d748dec68423aff15a7011a7a76 ➡️ cache
2025/11/01 02:03:58 [1;94m [INFO] [0m  : Success copying quay.io/openshift-release-dev/ocp-v4.0-art-dev@sha256:024ec94d2d660c4de70fba85b7fec8598ec10c9aa1fa7d117ee772c4d1f4525e ➡️ cache
2025/11/01 02:04:00 [1;94m [INFO] [0m  : Success copying quay.io/openshift-release-dev/ocp-v4.0-art-dev@sha256:d2788f0b32ddeb00a2eda00db0848428a7980e55e321cffa9f577377f4dbe44a ➡️ cache
2025/11/01 02:04:00 [1;94m [INFO] [0m  : Success copying quay.io/openshift-release-dev/ocp-v4.0-art-dev@sha256:d2a9070f6c79ea3c838694a6cbf0b3fd5f04fdbf505502aa6a03e65b3f9bb558 ➡️ cache
2025/11/01 02:04:01 [1;94m [INFO] [0m  : Success copying quay.io/openshift-release-dev/ocp-v4.0-art-dev@sha256:d4a29b96365934f40fde2a7609ebf27252c9ab347e41282046d24807e5c92e15 ➡️ cache
2025/11/01 02:04:01 [1;94m [INFO] [0m  : Success copying quay.io/openshift-release-dev/ocp-v4.0-art-dev@sha256:d2cbca75b72dbfe7e4e9ae64f7b0e93514028a7aae2c4f4a390c5cc2755d9438 ➡️ cache
2025/11/01 02:04:03 [1;94m [INFO] [0m  : Success copying quay.io/openshift-release-dev/ocp-v4.0-art-dev@sha256:d589a3d4d8ca1db698a6553cdac7905406400276fa35316391495cc946461825 ➡️ cache
2025/11/01 02:04:03 [1;94m [INFO] [0m  : Success copying quay.io/openshift-release-dev/ocp-v4.0-art-dev@sha256:d7a5c1d27d480e0f3d1188d25b1ea33a1e0d43c46791b12cb71fa534e13aef56 ➡️ cache
2025/11/01 02:04:04 [1;94m [INFO] [0m  : Success copying quay.io/openshift-release-dev/ocp-v4.0-art-dev@sha256:da49888f6bcb9811791efe76c68bf7d66669223670fb74dace1e8cec2c9b33c6 ➡️ cache
2025/11/01 02:04:04 [1;94m [INFO] [0m  : Success copying quay.io/openshift-release-dev/ocp-v4.0-art-dev@sha256:daa2006985b7630329db57d8dc57e9cf5ae840b7e052cdd80a901f4d796598ae ➡️ cache
2025/11/01 02:04:05 [1;94m [INFO] [0m  : Success copying quay.io/openshift-release-dev/ocp-v4.0-art-dev@sha256:dfef03b73082c8be960364144b550fbc382f63fd772bb5b2f00ca1b66772cb65 ➡️ cache
2025/11/01 02:04:05 [1;94m [INFO] [0m  : Success copying quay.io/openshift-release-dev/ocp-v4.0-art-dev@sha256:df6177e66c3d6940e029e4abf5b1e179027aff156e3e37c5ea2921583de718e8 ➡️ cache
2025/11/01 02:04:07 [1;94m [INFO] [0m  : Success copying quay.io/openshift-release-dev/ocp-v4.0-art-dev@sha256:e41c24ce004e8e68bcdde9dfa95849e5a4f77a25b9b8c86c95c4bdbf875e5dac ➡️ cache
2025/11/01 02:04:07 [1;94m [INFO] [0m  : Success copying quay.io/openshift-release-dev/ocp-v4.0-art-dev@sha256:e4c6d0ad8f79f698174cd9e71036319e4f2c0a9da8a1663f48e03470e864ad22 ➡️ cache
2025/11/01 02:04:08 [1;94m [INFO] [0m  : Success copying quay.io/openshift-release-dev/ocp-v4.0-art-dev@sha256:e4ca46792c0f94a27269bca711271b39a0546a08b9c925ad33061d3e98bc52a4 ➡️ cache
2025/11/01 02:04:08 [1;94m [INFO] [0m  : Success copying quay.io/openshift-release-dev/ocp-v4.0-art-dev@sha256:e5a10dff569092c863432dc79958e28800393b0fc73b64cdf2d7543749d332a5 ➡️ cache
2025/11/01 02:04:09 [1;94m [INFO] [0m  : Success copying quay.io/openshift-release-dev/ocp-v4.0-art-dev@sha256:e5b383a0b070b30db5107a9b06f5a09a7d18dede33d355b7909e48b5c9a16079 ➡️ cache
2025/11/01 02:04:10 [1;94m [INFO] [0m  : Success copying quay.io/openshift-release-dev/ocp-v4.0-art-dev@sha256:e5fec80360cbc7b5fb07670e509ed0b9ab3aad897e7c3cfa024585718a0a203b ➡️ cache
2025/11/01 02:04:10 [1;94m [INFO] [0m  : Success copying quay.io/openshift-release-dev/ocp-v4.0-art-dev@sha256:e68eb911b4ed622ac3aab0897f87a1eb4f9f7125f211e29ca8143faa4292a86c ➡️ cache
2025/11/01 02:04:11 [1;94m [INFO] [0m  : Success copying quay.io/openshift-release-dev/ocp-v4.0-art-dev@sha256:e603c4d7e1d4295007e8bd6c791ebe95ab77ae46be888ff95f5425e4a0ce6188 ➡️ cache
2025/11/01 02:04:12 [1;94m [INFO] [0m  : Success copying quay.io/openshift-release-dev/ocp-v4.0-art-dev@sha256:e702e05ca65787bb49ecfd2c9174f9c1b2d6b96a924902a270ecdc5bc537c37c ➡️ cache
2025/11/01 02:04:12 [1;94m [INFO] [0m  : Success copying quay.io/openshift-release-dev/ocp-v4.0-art-dev@sha256:e70895e34d6afdaef7f3c0ee00d35957670681d18d53eca125f96f9e7592ee15 ➡️ cache
2025/11/01 02:04:13 [1;94m [INFO] [0m  : Success copying quay.io/openshift-release-dev/ocp-v4.0-art-dev@sha256:eb87b9910f22b15f07d533420e85b570cda48576ddd0a14655ea3e55b148072e ➡️ cache
2025/11/01 02:04:13 [1;94m [INFO] [0m  : Success copying quay.io/openshift-release-dev/ocp-v4.0-art-dev@sha256:e92f6833910e1abe65ff4e72aca58aa9361fa1ecced8bca80aac7602ebb9ada4 ➡️ cache
2025/11/01 02:04:14 [1;94m [INFO] [0m  : Success copying quay.io/openshift-release-dev/ocp-v4.0-art-dev@sha256:eda13476531334dafbb205b22c29bbda68524b7ed7a31188eb8fa1c9bea9a380 ➡️ cache
2025/11/01 02:04:15 [1;94m [INFO] [0m  : Success copying quay.io/openshift-release-dev/ocp-v4.0-art-dev@sha256:ef000612ab28d5c4672ac8bba4f35c40e8e75299600251658ccdb8c7618bfb57 ➡️ cache
2025/11/01 02:04:16 [1;94m [INFO] [0m  : Success copying quay.io/openshift-release-dev/ocp-v4.0-art-dev@sha256:f0107cf0a620c02cee69cfe4342a603b1e95bc40048d6931ebad7faf6e9e78f7 ➡️ cache
2025/11/01 02:04:16 [1;94m [INFO] [0m  : Success copying quay.io/openshift-release-dev/ocp-v4.0-art-dev@sha256:efe3f0ad8867f99956a8b700d358ed519a271fff2bb52fb2733e53addba99fad ➡️ cache
2025/11/01 02:04:17 [1;94m [INFO] [0m  : Success copying quay.io/openshift-release-dev/ocp-v4.0-art-dev@sha256:f07e4a9cb50e09497a814a2c68f312264bb0b009312d78f0248e73c50687a679 ➡️ cache
2025/11/01 02:04:17 [1;94m [INFO] [0m  : Success copying quay.io/openshift-release-dev/ocp-v4.0-art-dev@sha256:f1d33c42d6a8d833a07d9a516055293e21c04f7036da3056e45317fae8430053 ➡️ cache
2025/11/01 02:04:18 [1;94m [INFO] [0m  : Success copying quay.io/openshift-release-dev/ocp-v4.0-art-dev@sha256:f24574dcd911fa3dc702028253d586e899d9f3336b445ffee4c0c1d1cf02eb70 ➡️ cache
2025/11/01 02:04:18 [1;94m [INFO] [0m  : Success copying quay.io/openshift-release-dev/ocp-v4.0-art-dev@sha256:f253afbec89c811a7f0b4e8b6272e658e3f7b2d74baf88a879cab9f626fa68c1 ➡️ cache
2025/11/01 02:04:20 [1;94m [INFO] [0m  : Success copying quay.io/openshift-release-dev/ocp-v4.0-art-dev@sha256:f33d987b8d78a8fcdfc97c6c1c2f154fb46512dc10af2ece37cfc28216d85c8a ➡️ cache
2025/11/01 02:04:20 [1;94m [INFO] [0m  : Success copying quay.io/openshift-release-dev/ocp-v4.0-art-dev@sha256:f362d84789f63cb66aada252feb34e39f0b6d8210028189336d86d3b8990b96a ➡️ cache
2025/11/01 02:04:21 [1;94m [INFO] [0m  : Success copying quay.io/openshift-release-dev/ocp-v4.0-art-dev@sha256:f3827b037e1f7ae781621b7add24601c8909405e874922b4b01704bb0cffe88e ➡️ cache
2025/11/01 02:04:21 [1;94m [INFO] [0m  : Success copying quay.io/openshift-release-dev/ocp-v4.0-art-dev@sha256:f7219cf6de87087920ee14302b3c40b6cf3fe2387238ab0b628ad8dc975adc06 ➡️ cache
2025/11/01 02:04:22 [1;94m [INFO] [0m  : Success copying quay.io/openshift-release-dev/ocp-v4.0-art-dev@sha256:f87e7ebabaf82604a15577f7502ea7651e9d29521cc7e5ba77c54fbccbf02b9e ➡️ cache
2025/11/01 02:04:23 [1;94m [INFO] [0m  : Success copying quay.io/openshift-release-dev/ocp-v4.0-art-dev@sha256:fa4ba5bba4e5b108e2968f2f9ac93c6b111682ec5177622868d43edda032687d ➡️ cache
2025/11/01 02:04:24 [1;94m [INFO] [0m  : Success copying quay.io/openshift-release-dev/ocp-v4.0-art-dev@sha256:fb60faec593afeceb4ff96400aad0edd9fd5e7e5cd863e78aa1770db391b1134 ➡️ cache
2025/11/01 02:04:24 [1;94m [INFO] [0m  : Success copying quay.io/openshift-release-dev/ocp-v4.0-art-dev@sha256:fd08ec9ada68b30995ee876113ff90cab20ca812fb8a9ad0b04ff5ee8f82c10f ➡️ cache
2025/11/01 02:04:25 [1;94m [INFO] [0m  : Success copying quay.io/openshift-release-dev/ocp-v4.0-art-dev@sha256:fdbc2eb0db8e3a69e421062ef96119f7b4910e2eaa3bef26bec82256ecb4d9ce ➡️ cache
2025/11/01 02:04:25 [1;94m [INFO] [0m  : Success copying quay.io/openshift-release-dev/ocp-v4.0-art-dev@sha256:fe7e8d66f019477572d130fb3c0ea0e4eaf2fdcc8d5842d964efa6cc486c4747 ➡️ cache
2025/11/01 02:04:26 [1;94m [INFO] [0m  : Success copying quay.io/openshift-release-dev/ocp-v4.0-art-dev@sha256:ff10802fa956f0ddbbc1dfc5117616ace4b9227fe93641f32f8bfb86c8fe006e ➡️ cache
2025/11/01 02:04:26 [1;94m [INFO] [0m  : Success copying quay.io/openshift-release-dev/ocp-v4.0-art-dev@sha256:ff9e052f6346d15634632c5a4d4122a871cd8faf7d9e43509bba774a3be3a106 ➡️ cache
2025/11/01 02:04:27 [1;94m [INFO] [0m  : Success copying quay.io/openshift-release-dev/ocp-release:4.19.15-x86_64 ➡️ cache
2025/11/01 02:04:30 [1;94m [INFO] [0m  : Success copying docker://registry.redhat.io/container-native-virtualization/kubevirt-dpdk-checkup-rhel9@sha256:29ce57047e2a46b4687f61a401d95603e5b27fe7d1cbef1409cb5f268c14f216 ➡️ cache
2025/11/01 02:04:31 [1;94m [INFO] [0m  : Success copying docker://registry.redhat.io/container-native-virtualization/kubevirt-storage-checkup-rhel9@sha256:1b69764ba660114805f8946968b3e10e758080ae53edf74036c5ad2f54615561 ➡️ cache
2025/11/01 02:04:32 [1;94m [INFO] [0m  : Success copying docker://registry.redhat.io/openshift4/ose-kube-rbac-proxy-rhel9@sha256:b46c84d4e6e7297123ff18b8c8ebb7bb05ca0ac2de87a7bcc1bd5b9b68e7b119 ➡️ cache
2025/11/01 02:04:32 [1;94m [INFO] [0m  : Success copying docker://registry.redhat.io/openshift4/ose-kubernetes-nmstate-handler-rhel9@sha256:de6880c892c17ae7fa7a564a6383738d65d3f08058afc82b5f987ffe1bcb84cb ➡️ cache
2025/11/01 02:04:34 [1;94m [INFO] [0m  : Success copying docker://registry.redhat.io/container-native-virtualization/aaq-controller-rhel9@sha256:a58aa8ca17b5e67789658ed8fb387866aca12b2dc073ae4204de425572c9c68f ➡️ cache
2025/11/01 02:04:35 [1;94m [INFO] [0m  : Success copying docker://registry.redhat.io/container-native-virtualization/aaq-operator-rhel9@sha256:00dd3b43ef16c175192ba6e76dfd4300ea9476498974fd9fa393da53ee6f69b5 ➡️ cache
2025/11/01 02:04:36 [1;94m [INFO] [0m  : Success copying docker://registry.redhat.io/container-native-virtualization/aaq-server-rhel9@sha256:87abe8a25f1811df78952c1929932ec7b999819860e590d33bd269a71e7f335e ➡️ cache
2025/11/01 02:04:37 [1;94m [INFO] [0m  : Success copying docker://registry.redhat.io/container-native-virtualization/bridge-marker-rhel9@sha256:420799ad00359a7ecab9aa8394b3527811fbc3ead233d7c73bfe4d67a9bd56ce ➡️ cache
2025/11/01 02:04:39 [1;94m [INFO] [0m  : Success copying docker://registry.redhat.io/container-native-virtualization/cluster-network-addons-operator-rhel9@sha256:ab4fa7f0c0e40e427ca30a2d7fbd6635c0e5412fd076843c72e5298f8865ee76 ➡️ cache
2025/11/01 02:04:40 [1;94m [INFO] [0m  : Success copying docker://registry.redhat.io/container-native-virtualization/cnv-containernetworking-plugins-rhel9@sha256:79df72c9720930e3ace566fb9facb2c448978bf9025dc9bc223a5bfb42ab7647 ➡️ cache
2025/11/01 02:04:41 [1;94m [INFO] [0m  : Success copying docker://registry.redhat.io/container-native-virtualization/hostpath-csi-driver-rhel9@sha256:774991661eda9bf0c19b4933d531c58f1a36525346ec635be2341050b49a83b8 ➡️ cache
2025/11/01 02:04:41 [1;94m [INFO] [0m  : Success copying docker://registry.redhat.io/container-native-virtualization/cnv-must-gather-rhel9@sha256:106d44dcbf91f9cfe398cd5dd2d7aa459a625aabe46c1923124d99888bdcb1d5 ➡️ cache
2025/11/01 02:04:43 [1;94m [INFO] [0m  : Success copying docker://registry.redhat.io/container-native-virtualization/hostpath-provisioner-operator-rhel9@sha256:728eeba13c61c2be808c0510703f3f219851b85d4522a54653ed8f2fddcb5333 ➡️ cache
2025/11/01 02:04:45 [1;94m [INFO] [0m  : Success copying docker://registry.redhat.io/container-native-virtualization/hostpath-provisioner-rhel9@sha256:132d9a1f14f993f4738409e0c52be73ac618769e7d6a03dbb4015d912e28bff6 ➡️ cache
2025/11/01 02:04:46 [1;94m [INFO] [0m  : Success copying docker://registry.redhat.io/container-native-virtualization/hyperconverged-cluster-operator-rhel9@sha256:fb83da6e64a3a2c92061a8c84dc62bff5e42abb6857fa4bb76e2106e23efa30b ➡️ cache
2025/11/01 02:04:46 [1;94m [INFO] [0m  : Success copying docker://registry.redhat.io/container-native-virtualization/hyperconverged-cluster-webhook-rhel9@sha256:352236b6f16af0f2a1beb2746b47028a47e6ece7b297bd8581f10fcf98a21a4e ➡️ cache
2025/11/01 02:04:48 [1;94m [INFO] [0m  : Success copying docker://registry.redhat.io/container-native-virtualization/kubemacpool-rhel9@sha256:3296fb692449ce31d1bc428a27785d0a1c717341c2acb5686d8e11aa3c70b792 ➡️ cache
2025/11/01 02:04:50 [1;94m [INFO] [0m  : Success copying docker://registry.redhat.io/container-native-virtualization/sidecar-shim-rhel9@sha256:208eab605023495688f48860efd05f3f31cadc30f6269300f810719d8905817c ➡️ cache
2025/11/01 02:04:50 [1;94m [INFO] [0m  : Success copying docker://registry.redhat.io/container-native-virtualization/kubevirt-api-lifecycle-automation-rhel9@sha256:aa2cbaf09765290ceeaea58559a78fee7304f6743d65388a6be4530643d7de99 ➡️ cache
2025/11/01 02:04:51 [1;94m [INFO] [0m  : Success copying docker://registry.redhat.io/container-native-virtualization/kubevirt-apiserver-proxy-rhel9@sha256:a0c97e6fb7d86ded968c62302f4ded0ce810aac3a05d86554913810b564b4657 ➡️ cache
2025/11/01 02:04:52 [1;94m [INFO] [0m  : Success copying docker://registry.redhat.io/container-native-virtualization/kubevirt-common-instancetypes-rhel9@sha256:59b9a2a8434661907d283f2bfbcb8fd30a6243ac65dfc74d4766800c6cb9a0e4 ➡️ cache
2025/11/01 02:04:54 [1;94m [INFO] [0m  : Success copying docker://registry.redhat.io/container-native-virtualization/kubevirt-console-plugin-rhel9@sha256:a6ff3916268194b822c741e66f03265590d335d85ef121d8fccfe28c3b37b29b ➡️ cache
2025/11/01 02:04:55 [1;94m [INFO] [0m  : Success copying docker://registry.redhat.io/container-native-virtualization/virt-cdi-importer-rhel9@sha256:7c4e505bb9701c3f9b0bf3a65dd3deddac9616ab5b4e949ddf897419fe04287a ➡️ cache
2025/11/01 02:04:55 [1;94m [INFO] [0m  : Success copying docker://registry.redhat.io/container-native-virtualization/kubevirt-ipam-controller-rhel9@sha256:61f5c30c0ef7f4d2a8ea610f6764417b4a7947c3b57c1e36428e999944158803 ➡️ cache
2025/11/01 02:04:57 [1;94m [INFO] [0m  : Success copying docker://registry.redhat.io/container-native-virtualization/kubevirt-realtime-checkup-rhel9@sha256:30b71308b14bfa41f6bda4200b5eb1afeebd1f53889e5d8c342f5ab83f3d95f8 ➡️ cache
2025/11/01 02:04:59 [1;94m [INFO] [0m  : Success copying docker://registry.redhat.io/container-native-virtualization/kubevirt-ssp-operator-rhel9@sha256:39b1d75237eda83d17208ed4e83a0c7d4271874bbc1e76800d9c5a0979d90e0e ➡️ cache
2025/11/01 02:05:00 [1;94m [INFO] [0m  : Success copying docker://registry.redhat.io/container-native-virtualization/kubevirt-tekton-tasks-create-datavolume-rhel9@sha256:ede3a21120bbaf9817a66e8f95340d024fb4162cffee795bb5545f4e47dfb76b ➡️ cache
2025/11/01 02:05:01 [1;94m [INFO] [0m  : Success copying docker://registry.redhat.io/openshift4/kubernetes-nmstate-rhel9-operator@sha256:754e13f9ef449a5fcdfe205ce5f23b0ae6a052a256464451cc5feae861d868c2 ➡️ cache
2025/11/01 02:05:02 [1;94m [INFO] [0m  : Success copying docker://registry.redhat.io/container-native-virtualization/kubevirt-tekton-tasks-disk-virt-customize-rhel9@sha256:96cc0b2aef5b644f3851d772d029227fd8cfc02bdeb61b5ffb34b85a19baf8ce ➡️ cache
2025/11/01 02:05:04 [1;94m [INFO] [0m  : Success copying docker://registry.redhat.io/container-native-virtualization/kubevirt-template-validator-rhel9@sha256:de69f451fe2cd6f4a2d697d33280b7645e3eef6f834852bae2ea7de72d75b6d1 ➡️ cache
2025/11/01 02:05:04 [1;94m [INFO] [0m  : Success copying docker://registry.redhat.io/container-native-virtualization/libguestfs-tools-rhel9@sha256:dc83021c402ed157dd79e31ea607a97cf9c9f29e776590e0649aef1a7f48d9ac ➡️ cache
2025/11/01 02:05:05 [1;94m [INFO] [0m  : Success copying docker://registry.redhat.io/container-native-virtualization/multus-dynamic-networks-rhel9@sha256:e6b82c04aae1035d3e896c6a257f6127048087b6b829620e5581e2995dd0cb92 ➡️ cache
2025/11/01 02:05:07 [1;94m [INFO] [0m  : Success copying docker://registry.redhat.io/container-native-virtualization/ocp-virt-validation-checkup-rhel9@sha256:c6f4bb1dcfd3ef12ed47b4ede50e4f1b530dd602a624544901d9921220b2da47 ➡️ cache
2025/11/01 02:05:08 [1;94m [INFO] [0m  : Success copying docker://registry.redhat.io/container-native-virtualization/ovs-cni-plugin-rhel9@sha256:eceebb8621e7c617f7abbaea9782d302fe7c95a9bf1723ff0a854860ab02b266 ➡️ cache
2025/11/01 02:05:09 [1;94m [INFO] [0m  : Success copying docker://registry.redhat.io/container-native-virtualization/passt-network-binding-plugin-cni-rhel9@sha256:f0aecf679ae0be1b296aca46548c833032db9aba1161817dfe50f062c7f0616b ➡️ cache
2025/11/01 02:05:10 [1;94m [INFO] [0m  : Success copying docker://registry.redhat.io/container-native-virtualization/passt-network-binding-plugin-sidecar-rhel9@sha256:191f8487756eb237b29f81b1e0c69e308a0446771d92c0a5ad88e52f5ac3421c ➡️ cache
2025/11/01 02:05:11 [1;94m [INFO] [0m  : Success copying docker://registry.redhat.io/container-native-virtualization/virt-cdi-controller-rhel9@sha256:a7014ea50c281f7f113d28b48bc6e80123d88dade001dfca40cb7fc15dedd04e ➡️ cache
2025/11/01 02:05:13 [1;94m [INFO] [0m  : Success copying docker://registry.redhat.io/container-native-virtualization/virt-cdi-operator-rhel9@sha256:d77c43a3018fcaa61c04b1513ce995764cedf4ae4cac59606ad1781d9aceab41 ➡️ cache
2025/11/01 02:05:14 [1;94m [INFO] [0m  : Success copying docker://registry.redhat.io/container-native-virtualization/virt-api-rhel9@sha256:6a8a25eb504e7b1d2169f95fedaf5066b17a2e8185807dd8c3b7998677f9c248 ➡️ cache
2025/11/01 02:05:15 [1;94m [INFO] [0m  : Success copying docker://registry.redhat.io/container-native-virtualization/virt-artifacts-server-rhel9@sha256:02bd221458173f7eea79dab6ef726c4edad824896b3c2dbf259b6860d03d539d ➡️ cache
2025/11/01 02:05:16 [1;94m [INFO] [0m  : Success copying docker://registry.redhat.io/container-native-virtualization/virt-cdi-apiserver-rhel9@sha256:d001bf1bbcbc27adc12e42f9600701a3efe0ef87dcdebc162a683dcbd321f7cd ➡️ cache
2025/11/01 02:05:17 [1;94m [INFO] [0m  : Success copying docker://registry.redhat.io/container-native-virtualization/virt-cdi-cloner-rhel9@sha256:116e950d8c184c956446f80515f02edcea41b144490b994068bd1548ac444a49 ➡️ cache
2025/11/01 02:05:18 [1;94m [INFO] [0m  : Success copying docker://registry.redhat.io/container-native-virtualization/virt-operator-rhel9@sha256:603761a12f30b83566f066f09f316d706491a048863f9fee4ed4e5f05467c9dd ➡️ cache
2025/11/01 02:05:20 [1;94m [INFO] [0m  : Success copying docker://registry.redhat.io/openshift4/nmstate-console-plugin-rhel9@sha256:087c8c72103ae8e2bf8111030e04e6f39ecf1f6d7472e73eadb54a47f1c7e705 ➡️ cache
2025/11/01 02:05:21 [1;94m [INFO] [0m  : Success copying docker://registry.redhat.io/container-native-virtualization/kubesecondarydns-rhel9@sha256:b901d2c28114c91eb6dd3d3359678b3dbdff2ff2dc7a2e44f366d49e3e60d870 ➡️ cache
2025/11/01 02:05:22 [1;94m [INFO] [0m  : Success copying docker://registry.redhat.io/container-native-virtualization/virt-cdi-uploadproxy-rhel9@sha256:1d1516c092eeec06a2cf8cd1771d6a2b3422c11314a5f3a1718fe29fe360ee2c ➡️ cache
2025/11/01 02:05:22 [1;94m [INFO] [0m  : Success copying docker://registry.redhat.io/container-native-virtualization/virt-cdi-uploadserver-rhel9@sha256:c9fbf33acad405f603c48f37dd2a50304945476bf280cacf98b8823071f9b133 ➡️ cache
2025/11/01 02:05:25 [1;94m [INFO] [0m  : Success copying docker://registry.redhat.io/container-native-virtualization/virt-controller-rhel9@sha256:e46fa38d29af8eda42208f9a8452a629f079eb29f38f0aeb08496d9acfbf4985 ➡️ cache
2025/11/01 02:05:26 [1;94m [INFO] [0m  : Success copying docker://registry.redhat.io/container-native-virtualization/virt-exportproxy-rhel9@sha256:edd0b63b7f2b0f7368980aa62a5d6f9d17cf71e99f8d2a591e52ebdbfa01c64a ➡️ cache
2025/11/01 02:05:27 [1;94m [INFO] [0m  : Success copying docker://registry.redhat.io/container-native-virtualization/virt-exportserver-rhel9@sha256:7d1932f5cd43f6579e75c2a8fdbaf5442be257cb10200ce597877d0b483ff7ec ➡️ cache
2025/11/01 02:05:27 [1;94m [INFO] [0m  : Success copying docker://registry.redhat.io/container-native-virtualization/virt-handler-rhel9@sha256:6b0e0c24b60d78ca55e0aefa0f47b67a6095d67ceb832be3e2395d603fdfcd6a ➡️ cache
2025/11/01 02:05:29 [1;94m [INFO] [0m  : Success copying docker://registry.redhat.io/container-native-virtualization/virt-launcher-rhel9@sha256:dbfd98e241e7c0fcfb872837ebf494a53a95266c97d8467fbdb6fc305ceae7b9 ➡️ cache
2025/11/01 02:05:30 [1;94m [INFO] [0m  : Success copying docker://registry.redhat.io/container-native-virtualization/pr-helper-rhel9@sha256:25614414c85073325667e58be6a4b91b18fbde316ff4dd5bb29a2eff54cb6ad7 ➡️ cache
2025/11/01 02:05:31 [1;94m [INFO] [0m  : Success copying docker://registry.redhat.io/container-native-virtualization/virtio-win-rhel9@sha256:93b97b98f8443037674b6f5500a36ca4bef7e8c3aea18063a9d839de183e4edd ➡️ cache
2025/11/01 02:05:32 [1;94m [INFO] [0m  : Success copying docker://registry.redhat.io/container-native-virtualization/vm-console-proxy-rhel9@sha256:55cfd137fcbf816ceeea7f4702c8b2e1c588747786f95425f2a64dd10e87644b ➡️ cache
2025/11/01 02:05:34 [1;94m [INFO] [0m  : Success copying docker://registry.redhat.io/container-native-virtualization/vm-network-latency-checkup-rhel9@sha256:ae338c0a87125b997c5394f7584029ee919e3bda035076cb3537e53247df073f ➡️ cache
2025/11/01 02:05:34 [1;94m [INFO] [0m  : Success copying docker://registry.redhat.io/migration-toolkit-virtualization/mtv-rhv-populator-rhel8@sha256:ef0dca763d85023bf3b1e3be135177007b1fe5c56bc356a8cf7145b4dd3c669c ➡️ cache
2025/11/01 02:05:35 [1;94m [INFO] [0m  : Success copying docker://registry.redhat.io/container-native-virtualization/wasp-agent-rhel9@sha256:381072d3eabdb1ea526d264df840885c880c8949af2cc7695e8ba41ea69bb86e ➡️ cache
2025/11/01 02:05:38 [1;94m [INFO] [0m  : Success copying docker://registry.redhat.io/openshift4/ose-coredns-rhel9@sha256:21ad0c18f57b964b86ced3498ac0c36a6daf8a60bdeece77a0b41b168dbd6586 ➡️ cache
2025/11/01 02:05:40 [1;94m [INFO] [0m  : Success copying docker://registry.redhat.io/openshift4/ose-csi-external-provisioner-rhel9@sha256:faf31a311d34ea8bad50c83918d5ac1dc32277b9d8e356a866d166f97209e40d ➡️ cache
2025/11/01 02:05:40 [1;94m [INFO] [0m  : Success copying docker://registry.redhat.io/openshift4/ose-csi-external-snapshotter-rhel9@sha256:5794ed8b4af6cc37d278cd91f08f0418b89550269d69c9196772fcca1a4933e7 ➡️ cache
2025/11/01 02:05:42 [1;94m [INFO] [0m  : Success copying docker://registry.redhat.io/openshift4/ose-csi-livenessprobe-rhel9@sha256:9fbf91cd986fe4064b99d6eb4bde7a79f58966763765a5001d9ae75ed22655f5 ➡️ cache
2025/11/01 02:05:43 [1;94m [INFO] [0m  : Success copying docker://registry.redhat.io/openshift4/ose-csi-node-driver-registrar-rhel9@sha256:ca5969eb64a112ae5c12ae3b6752b6858dfb999d78d61daffd61db5e07a7cdb9 ➡️ cache
2025/11/01 02:05:44 [1;94m [INFO] [0m  : Success copying docker://registry.redhat.io/migration-toolkit-virtualization/mtv-vsphere-xcopy-volume-populator-rhel9@sha256:b7504ca076c646d69e5b303d5d49225af2fd1f3425b48c834130b4b7192c67d2 ➡️ cache
2025/11/01 02:05:45 [1;94m [INFO] [0m  : Success copying docker://registry.redhat.io/openshift4/ose-kube-rbac-proxy-rhel9@sha256:5903b64e4c53728ef99d2dcea5dceff80413745bb23f1afaa5e3cdb2128e91ae ➡️ cache
2025/11/01 02:05:46 [1;94m [INFO] [0m  : Success copying docker://registry.redhat.io/migration-toolkit-virtualization/mtv-virt-v2v-rhel9@sha256:c25f9e984008d043fda6b6051717c2732b5fa2bc87dc546de58933908e6f89fc ➡️ cache
2025/11/01 02:05:46 [1;94m [INFO] [0m  : Success copying docker://registry.redhat.io/openshift4/frr-rhel9@sha256:902673f15e9d354caf953fcedc70a629e1fa131c0453455d55acb2878eecdd73 ➡️ cache
2025/11/01 02:05:48 [1;94m [INFO] [0m  : Success copying docker://registry.redhat.io/migration-toolkit-virtualization/mtv-api-rhel9@sha256:d4c1d1a9793ee2aff41d33f451251e688d4e13dcb3916f2cb92d687471a9ab89 ➡️ cache
2025/11/01 02:05:48 [1;94m [INFO] [0m  : Success copying docker://registry.redhat.io/migration-toolkit-virtualization/mtv-console-plugin-rhel9@sha256:f1a7301713de7e9e6a68d9ca8252c043512a7ff981ba96572126fa4bf633fff6 ➡️ cache
2025/11/01 02:05:50 [1;94m [INFO] [0m  : Success copying docker://registry.redhat.io/openshift4/metallb-rhel9-operator@sha256:e772ea894771ef76c1089f03832460f321e164d735e62c8615362766febe6f1c ➡️ cache
2025/11/01 02:05:51 [1;94m [INFO] [0m  : Success copying docker://registry.redhat.io/migration-toolkit-virtualization/mtv-controller-rhel9@sha256:581866f899ac1fd4d6064f865a5734b1e3983912ef3f20b18fe5c4002fab74b4 ➡️ cache
2025/11/01 02:05:51 [1;94m [INFO] [0m  : Success copying docker://registry.redhat.io/migration-toolkit-virtualization/mtv-must-gather-rhel8@sha256:cab2b3895b41e437be2f3a365f2a6189a697579792a51b00a5fdd86fab1e7576 ➡️ cache
2025/11/01 02:05:52 [1;94m [INFO] [0m  : Success copying docker://registry.redhat.io/openshift4/metallb-rhel9@sha256:b743982cd39ba77c365c72f2187a796f4c867f19332e110863b0899b5981238e ➡️ cache
2025/11/01 02:05:53 [1;94m [INFO] [0m  : Success copying docker://registry.redhat.io/migration-toolkit-virtualization/mtv-openstack-populator-rhel9@sha256:1ece4758c997f8c0b3f3e36379a1e30331a249bb61afb2b337da962749b4668d ➡️ cache
2025/11/01 02:05:53 [1;94m [INFO] [0m  : Success copying docker://registry.redhat.io/migration-toolkit-virtualization/mtv-validation-rhel9@sha256:572c71cd74882037247273ccbfd824cb255d37918fd879a2b8fc4b296a401259 ➡️ cache
2025/11/01 02:05:53 [1;94m [INFO] [0m  : Success copying docker://registry.redhat.io/migration-toolkit-virtualization/mtv-rhv-populator-rhel8@sha256:dab6a2490d40100647b454489673ff354a268a31b8e71674a714f09e26654dd1 ➡️ cache
2025/11/01 02:05:54 [1;94m [INFO] [0m  : Success copying docker://registry.redhat.io/migration-toolkit-virtualization/mtv-ova-provider-server-rhel9@sha256:b9998a87bf511aefc8ee3651c707cb8eec220742ca584bcc7e2322c5b2a03b95 ➡️ cache
2025/11/01 02:05:55 [1;94m [INFO] [0m  : Success copying docker://registry.redhat.io/migration-toolkit-virtualization/mtv-populator-controller-rhel9@sha256:a5a460b14839be86ef937be63fecd156dba0b0bfcbe1227d83352d8acf1e0f6e ➡️ cache
2025/11/01 02:05:56 [1;94m [INFO] [0m  : Success copying docker://registry.redhat.io/migration-toolkit-virtualization/mtv-rhel9-operator@sha256:870e72382984a54db32149dfed59a4c1abc798074556528157a9f32f4d04cb82 ➡️ cache
2025/11/01 02:05:58 [1;94m [INFO] [0m  : Success copying docker://registry.redhat.io/migration-toolkit-virtualization/mtv-operator-bundle@sha256:7e884facf0b76579b6d8ce867ac0b12a7d7824a5cf5f809daf5998c3a7b9db9c ➡️ cache
2025/11/01 02:05:58 [1;94m [INFO] [0m  : Success copying registry.redhat.io/ubi9/ubi:latest ➡️ cache
2025/11/01 02:05:59 [1;94m [INFO] [0m  : Success copying registry.redhat.io/rhel9/support-tools:latest ➡️ cache
2025/11/01 02:06:00 [1;94m [INFO] [0m  : Success copying registry.redhat.io/openshift4/ose-cli:latest ➡️ cache
2025/11/01 02:06:01 [1;94m [INFO] [0m  : Success copying docker://registry.redhat.io/openshift4/ose-metallb-operator-bundle@sha256:8ff945d77a7683cb9a5383be1b52fc403abcca6e1f64afcb2ff9a8bc109dbc03 ➡️ cache
2025/11/01 02:06:02 [1;94m [INFO] [0m  : Success copying docker://registry.redhat.io/openshift4/kubernetes-nmstate-operator-bundle@sha256:003cabc7139a3a2b9ce0025fc41d1a2849d626d04d6270f720574b60fbcfd133 ➡️ cache
2025/11/01 02:06:03 [1;94m [INFO] [0m  : Success copying docker://registry.redhat.io/container-native-virtualization/hco-bundle-registry-rhel9@sha256:645420203af4e06b99a32e810fb6b91e61e98f73a5dfcd0d9a741e98a449da5e ➡️ cache
2025/11/01 02:06:05 [1;94m [INFO] [0m  : Success copying docker://registry.redhat.io/redhat/redhat-operator-index:v4.19 ➡️ cache
2025/11/01 02:06:05 [1;94m [INFO] [0m  : === Results ===
2025/11/01 02:06:05 [1;94m [INFO] [0m  : [1;92m ✓ [0m 190 / 190 release images mirrored successfully
2025/11/01 02:06:05 [1;94m [INFO] [0m  : [1;92m ✓ [0m 84 / 84 operator images mirrored successfully
2025/11/01 02:06:05 [1;94m [INFO] [0m  : [1;92m ✓ [0m 3 / 3 additional images mirrored successfully
2025/11/01 02:06:05 [1;94m [INFO] [0m  : 📦 Preparing the tarball archive...
2025/11/01 02:17:42 [1;94m [INFO] [0m  : mirror time     : 16m57.845342177s
2025/11/01 02:17:42 [1;94m [INFO] [0m  : 👋 Goodbye, thank you for using oc-mirror
